# polygraphy surgeon sanitize --fold-constants positional_encoding.onnx  -o folded_model2.onnx  

&&&& RUNNING TensorRT.trtexec [TensorRT v8510] # trtexec --verbose --onnx=./folded_model2.onnx --dumpLayerInfo --dumpProfile
[05/04/2024-11:18:24] [I] === Model Options ===
[05/04/2024-11:18:24] [I] Format: ONNX
[05/04/2024-11:18:24] [I] Model: ./folded_model2.onnx
[05/04/2024-11:18:24] [I] Output:
[05/04/2024-11:18:24] [I] === Build Options ===
[05/04/2024-11:18:24] [I] Max batch: explicit batch
[05/04/2024-11:18:24] [I] Memory Pools: workspace: default, dlaSRAM: default, dlaLocalDRAM: default, dlaGlobalDRAM: default
[05/04/2024-11:18:24] [I] minTiming: 1
[05/04/2024-11:18:24] [I] avgTiming: 8
[05/04/2024-11:18:24] [I] Precision: FP32
[05/04/2024-11:18:24] [I] LayerPrecisions: 
[05/04/2024-11:18:24] [I] Layer Device Types: 
[05/04/2024-11:18:24] [I] Calibration: 
[05/04/2024-11:18:24] [I] Refit: Disabled
[05/04/2024-11:18:24] [I] Sparsity: Disabled
[05/04/2024-11:18:24] [I] Safe mode: Disabled
[05/04/2024-11:18:24] [I] DirectIO mode: Disabled
[05/04/2024-11:18:24] [I] Restricted mode: Disabled
[05/04/2024-11:18:24] [I] Build only: Disabled
[05/04/2024-11:18:24] [I] Save engine: 
[05/04/2024-11:18:24] [I] Load engine: 
[05/04/2024-11:18:24] [I] Profiling verbosity: 0
[05/04/2024-11:18:24] [I] Tactic sources: Using default tactic sources
[05/04/2024-11:18:24] [I] timingCacheMode: local
[05/04/2024-11:18:24] [I] timingCacheFile: 
[05/04/2024-11:18:24] [I] Heuristic: Disabled
[05/04/2024-11:18:24] [I] Preview Features: Use default preview flags.
[05/04/2024-11:18:24] [I] Input(s)s format: fp32:CHW
[05/04/2024-11:18:24] [I] Output(s)s format: fp32:CHW
[05/04/2024-11:18:24] [I] Input build shapes: model
[05/04/2024-11:18:24] [I] Input calibration shapes: model
[05/04/2024-11:18:24] [I] === System Options ===
[05/04/2024-11:18:24] [I] Device: 0
[05/04/2024-11:18:24] [I] DLACore: 
[05/04/2024-11:18:24] [I] Plugins:
[05/04/2024-11:18:24] [I] === Inference Options ===
[05/04/2024-11:18:24] [I] Batch: Explicit
[05/04/2024-11:18:24] [I] Input inference shapes: model
[05/04/2024-11:18:24] [I] Iterations: 10
[05/04/2024-11:18:24] [I] Duration: 3s (+ 200ms warm up)
[05/04/2024-11:18:24] [I] Sleep time: 0ms
[05/04/2024-11:18:24] [I] Idle time: 0ms
[05/04/2024-11:18:24] [I] Streams: 1
[05/04/2024-11:18:24] [I] ExposeDMA: Disabled
[05/04/2024-11:18:24] [I] Data transfers: Enabled
[05/04/2024-11:18:24] [I] Spin-wait: Disabled
[05/04/2024-11:18:24] [I] Multithreading: Disabled
[05/04/2024-11:18:24] [I] CUDA Graph: Disabled
[05/04/2024-11:18:24] [I] Separate profiling: Disabled
[05/04/2024-11:18:24] [I] Time Deserialize: Disabled
[05/04/2024-11:18:24] [I] Time Refit: Disabled
[05/04/2024-11:18:24] [I] NVTX verbosity: 0
[05/04/2024-11:18:24] [I] Persistent Cache Ratio: 0
[05/04/2024-11:18:24] [I] Inputs:
[05/04/2024-11:18:24] [I] === Reporting Options ===
[05/04/2024-11:18:24] [I] Verbose: Enabled
[05/04/2024-11:18:24] [I] Averages: 10 inferences
[05/04/2024-11:18:24] [I] Percentiles: 90,95,99
[05/04/2024-11:18:24] [I] Dump refittable layers:Disabled
[05/04/2024-11:18:24] [I] Dump output: Disabled
[05/04/2024-11:18:24] [I] Profile: Enabled
[05/04/2024-11:18:24] [I] Export timing to JSON file: 
[05/04/2024-11:18:24] [I] Export output to JSON file: 
[05/04/2024-11:18:24] [I] Export profile to JSON file: 
[05/04/2024-11:18:24] [I] 
[05/04/2024-11:18:26] [I] === Device Information ===
[05/04/2024-11:18:26] [I] Selected Device: NVIDIA RTX 2000 Ada Generation Laptop GPU
[05/04/2024-11:18:26] [I] Compute Capability: 8.9
[05/04/2024-11:18:26] [I] SMs: 24
[05/04/2024-11:18:26] [I] Compute Clock Rate: 2.115 GHz
[05/04/2024-11:18:26] [I] Device Global Memory: 8187 MiB
[05/04/2024-11:18:26] [I] Shared Memory per SM: 100 KiB
[05/04/2024-11:18:26] [I] Memory Bus Width: 128 bits (ECC disabled)
[05/04/2024-11:18:26] [I] Memory Clock Rate: 8.001 GHz
[05/04/2024-11:18:26] [I] 
[05/04/2024-11:18:26] [I] TensorRT version: 8.5.10
[05/04/2024-11:18:26] [V] [TRT] Registered plugin creator - ::BatchedNMSDynamic_TRT version 1
[05/04/2024-11:18:26] [V] [TRT] Registered plugin creator - ::BatchedNMS_TRT version 1
[05/04/2024-11:18:26] [V] [TRT] Registered plugin creator - ::BatchTilePlugin_TRT version 1
[05/04/2024-11:18:26] [V] [TRT] Registered plugin creator - ::Clip_TRT version 1
[05/04/2024-11:18:26] [V] [TRT] Registered plugin creator - ::CoordConvAC version 1
[05/04/2024-11:18:26] [V] [TRT] Registered plugin creator - ::CropAndResizeDynamic version 1
[05/04/2024-11:18:26] [V] [TRT] Registered plugin creator - ::CropAndResize version 1
[05/04/2024-11:18:26] [V] [TRT] Registered plugin creator - ::DecodeBbox3DPlugin version 1
[05/04/2024-11:18:26] [V] [TRT] Registered plugin creator - ::DetectionLayer_TRT version 1
[05/04/2024-11:18:26] [V] [TRT] Registered plugin creator - ::EfficientNMS_Explicit_TF_TRT version 1
[05/04/2024-11:18:26] [V] [TRT] Registered plugin creator - ::EfficientNMS_Implicit_TF_TRT version 1
[05/04/2024-11:18:26] [V] [TRT] Registered plugin creator - ::EfficientNMS_ONNX_TRT version 1
[05/04/2024-11:18:26] [V] [TRT] Registered plugin creator - ::EfficientNMS_TRT version 1
[05/04/2024-11:18:26] [V] [TRT] Registered plugin creator - ::FlattenConcat_TRT version 1
[05/04/2024-11:18:26] [V] [TRT] Registered plugin creator - ::GenerateDetection_TRT version 1
[05/04/2024-11:18:26] [V] [TRT] Registered plugin creator - ::GridAnchor_TRT version 1
[05/04/2024-11:18:26] [V] [TRT] Registered plugin creator - ::GridAnchorRect_TRT version 1
[05/04/2024-11:18:26] [V] [TRT] Registered plugin creator - ::InstanceNormalization_TRT version 1
[05/04/2024-11:18:26] [V] [TRT] Registered plugin creator - ::InstanceNormalization_TRT version 2
[05/04/2024-11:18:26] [V] [TRT] Registered plugin creator - ::LReLU_TRT version 1
[05/04/2024-11:18:26] [V] [TRT] Registered plugin creator - ::MultilevelCropAndResize_TRT version 1
[05/04/2024-11:18:26] [V] [TRT] Registered plugin creator - ::MultilevelProposeROI_TRT version 1
[05/04/2024-11:18:26] [V] [TRT] Registered plugin creator - ::MultiscaleDeformableAttnPlugin_TRT version 1
[05/04/2024-11:18:26] [V] [TRT] Registered plugin creator - ::NMSDynamic_TRT version 1
[05/04/2024-11:18:26] [V] [TRT] Registered plugin creator - ::NMS_TRT version 1
[05/04/2024-11:18:26] [V] [TRT] Registered plugin creator - ::Normalize_TRT version 1
[05/04/2024-11:18:26] [V] [TRT] Registered plugin creator - ::PillarScatterPlugin version 1
[05/04/2024-11:18:26] [V] [TRT] Registered plugin creator - ::PriorBox_TRT version 1
[05/04/2024-11:18:26] [V] [TRT] Registered plugin creator - ::ProposalDynamic version 1
[05/04/2024-11:18:26] [V] [TRT] Registered plugin creator - ::ProposalLayer_TRT version 1
[05/04/2024-11:18:26] [V] [TRT] Registered plugin creator - ::Proposal version 1
[05/04/2024-11:18:26] [V] [TRT] Registered plugin creator - ::PyramidROIAlign_TRT version 1
[05/04/2024-11:18:26] [V] [TRT] Registered plugin creator - ::Region_TRT version 1
[05/04/2024-11:18:26] [V] [TRT] Registered plugin creator - ::Reorg_TRT version 1
[05/04/2024-11:18:26] [V] [TRT] Registered plugin creator - ::ResizeNearest_TRT version 1
[05/04/2024-11:18:26] [V] [TRT] Registered plugin creator - ::ROIAlign_TRT version 1
[05/04/2024-11:18:26] [V] [TRT] Registered plugin creator - ::RPROI_TRT version 1
[05/04/2024-11:18:26] [V] [TRT] Registered plugin creator - ::ScatterND version 1
[05/04/2024-11:18:26] [V] [TRT] Registered plugin creator - ::SpecialSlice_TRT version 1
[05/04/2024-11:18:26] [V] [TRT] Registered plugin creator - ::Split version 1
[05/04/2024-11:18:26] [V] [TRT] Registered plugin creator - ::VoxelGeneratorPlugin version 1
[05/04/2024-11:18:30] [I] [TRT] [MemUsageChange] Init CUDA: CPU +653, GPU +0, now: CPU 667, GPU 1216 (MiB)
[05/04/2024-11:18:30] [V] [TRT] Trying to load shared library libnvinfer_builder_resource.so.8.5.10
[05/04/2024-11:18:30] [V] [TRT] Loaded shared library libnvinfer_builder_resource.so.8.5.10
[05/04/2024-11:18:36] [I] [TRT] [MemUsageChange] Init builder kernel library: CPU +476, GPU +116, now: CPU 1170, GPU 1332 (MiB)
[05/04/2024-11:18:36] [I] Start parsing network model
[05/04/2024-11:18:37] [I] [TRT] ----------------------------------------------------------------
[05/04/2024-11:18:37] [I] [TRT] Input filename:   ./folded_model2.onnx
[05/04/2024-11:18:37] [I] [TRT] ONNX IR version:  0.0.9
[05/04/2024-11:18:37] [I] [TRT] Opset version:    13
[05/04/2024-11:18:37] [I] [TRT] Producer name:    pytorch
[05/04/2024-11:18:37] [I] [TRT] Producer version: 1.9
[05/04/2024-11:18:37] [I] [TRT] Domain:           
[05/04/2024-11:18:37] [I] [TRT] Model version:    0
[05/04/2024-11:18:37] [I] [TRT] Doc string:       
[05/04/2024-11:18:37] [I] [TRT] ----------------------------------------------------------------
[05/04/2024-11:18:37] [V] [TRT] Plugin creator already registered - ::BatchedNMSDynamic_TRT version 1
[05/04/2024-11:18:37] [V] [TRT] Plugin creator already registered - ::BatchedNMS_TRT version 1
[05/04/2024-11:18:37] [V] [TRT] Plugin creator already registered - ::BatchTilePlugin_TRT version 1
[05/04/2024-11:18:37] [V] [TRT] Plugin creator already registered - ::Clip_TRT version 1
[05/04/2024-11:18:37] [V] [TRT] Plugin creator already registered - ::CoordConvAC version 1
[05/04/2024-11:18:37] [V] [TRT] Plugin creator already registered - ::CropAndResizeDynamic version 1
[05/04/2024-11:18:37] [V] [TRT] Plugin creator already registered - ::CropAndResize version 1
[05/04/2024-11:18:37] [V] [TRT] Plugin creator already registered - ::DecodeBbox3DPlugin version 1
[05/04/2024-11:18:37] [V] [TRT] Plugin creator already registered - ::DetectionLayer_TRT version 1
[05/04/2024-11:18:37] [V] [TRT] Plugin creator already registered - ::EfficientNMS_Explicit_TF_TRT version 1
[05/04/2024-11:18:37] [V] [TRT] Plugin creator already registered - ::EfficientNMS_Implicit_TF_TRT version 1
[05/04/2024-11:18:37] [V] [TRT] Plugin creator already registered - ::EfficientNMS_ONNX_TRT version 1
[05/04/2024-11:18:37] [V] [TRT] Plugin creator already registered - ::EfficientNMS_TRT version 1
[05/04/2024-11:18:37] [V] [TRT] Plugin creator already registered - ::FlattenConcat_TRT version 1
[05/04/2024-11:18:37] [V] [TRT] Plugin creator already registered - ::GenerateDetection_TRT version 1
[05/04/2024-11:18:37] [V] [TRT] Plugin creator already registered - ::GridAnchor_TRT version 1
[05/04/2024-11:18:37] [V] [TRT] Plugin creator already registered - ::GridAnchorRect_TRT version 1
[05/04/2024-11:18:37] [V] [TRT] Plugin creator already registered - ::InstanceNormalization_TRT version 1
[05/04/2024-11:18:37] [V] [TRT] Plugin creator already registered - ::InstanceNormalization_TRT version 2
[05/04/2024-11:18:37] [V] [TRT] Plugin creator already registered - ::LReLU_TRT version 1
[05/04/2024-11:18:37] [V] [TRT] Plugin creator already registered - ::MultilevelCropAndResize_TRT version 1
[05/04/2024-11:18:37] [V] [TRT] Plugin creator already registered - ::MultilevelProposeROI_TRT version 1
[05/04/2024-11:18:37] [V] [TRT] Plugin creator already registered - ::MultiscaleDeformableAttnPlugin_TRT version 1
[05/04/2024-11:18:37] [V] [TRT] Plugin creator already registered - ::NMSDynamic_TRT version 1
[05/04/2024-11:18:37] [V] [TRT] Plugin creator already registered - ::NMS_TRT version 1
[05/04/2024-11:18:37] [V] [TRT] Plugin creator already registered - ::Normalize_TRT version 1
[05/04/2024-11:18:37] [V] [TRT] Plugin creator already registered - ::PillarScatterPlugin version 1
[05/04/2024-11:18:37] [V] [TRT] Plugin creator already registered - ::PriorBox_TRT version 1
[05/04/2024-11:18:37] [V] [TRT] Plugin creator already registered - ::ProposalDynamic version 1
[05/04/2024-11:18:37] [V] [TRT] Plugin creator already registered - ::ProposalLayer_TRT version 1
[05/04/2024-11:18:37] [V] [TRT] Plugin creator already registered - ::Proposal version 1
[05/04/2024-11:18:37] [V] [TRT] Plugin creator already registered - ::PyramidROIAlign_TRT version 1
[05/04/2024-11:18:37] [V] [TRT] Plugin creator already registered - ::Region_TRT version 1
[05/04/2024-11:18:37] [V] [TRT] Plugin creator already registered - ::Reorg_TRT version 1
[05/04/2024-11:18:37] [V] [TRT] Plugin creator already registered - ::ResizeNearest_TRT version 1
[05/04/2024-11:18:37] [V] [TRT] Plugin creator already registered - ::ROIAlign_TRT version 1
[05/04/2024-11:18:37] [V] [TRT] Plugin creator already registered - ::RPROI_TRT version 1
[05/04/2024-11:18:37] [V] [TRT] Plugin creator already registered - ::ScatterND version 1
[05/04/2024-11:18:37] [V] [TRT] Plugin creator already registered - ::SpecialSlice_TRT version 1
[05/04/2024-11:18:37] [V] [TRT] Plugin creator already registered - ::Split version 1
[05/04/2024-11:18:37] [V] [TRT] Plugin creator already registered - ::VoxelGeneratorPlugin version 1
[05/04/2024-11:18:37] [V] [TRT] Adding network input: input with dtype: bool, dimensions: (1, 200, 200)
[05/04/2024-11:18:37] [V] [TRT] Registering tensor: input for ONNX tensor: input
[05/04/2024-11:18:37] [V] [TRT] Importing initializer: 94
[05/04/2024-11:18:37] [V] [TRT] Registering layer: 94 for ONNX node: 94
[05/04/2024-11:18:37] [V] [TRT] Marking (Unnamed Layer* 0) [Constant]_output as output: 94
[05/04/2024-11:18:37] [I] Finish parsing network model
[05/04/2024-11:18:37] [W] [TRT] Unused Input: input
[05/04/2024-11:18:37] [V] [TRT] Original: 1 layers
[05/04/2024-11:18:37] [V] [TRT] After dead-layer removal: 1 layers
[05/04/2024-11:18:37] [V] [TRT] Applying generic optimizations to the graph for inference.
[05/04/2024-11:18:37] [V] [TRT] After Myelin optimization: 1 layers
[05/04/2024-11:18:37] [V] [TRT] Applying ScaleNodes fusions.
[05/04/2024-11:18:37] [V] [TRT] After scale fusion: 1 layers
[05/04/2024-11:18:37] [V] [TRT] After dupe layer removal: 1 layers
[05/04/2024-11:18:37] [V] [TRT] After final dead-layer removal: 1 layers
[05/04/2024-11:18:37] [V] [TRT] After tensor merging: 1 layers
[05/04/2024-11:18:37] [V] [TRT] After vertical fusions: 1 layers
[05/04/2024-11:18:37] [V] [TRT] After dupe layer removal: 1 layers
[05/04/2024-11:18:37] [W] [TRT] [RemoveDeadLayers] Input Tensor input is unused or used only at compile-time, but is not being removed.
[05/04/2024-11:18:37] [V] [TRT] After final dead-layer removal: 1 layers
[05/04/2024-11:18:37] [V] [TRT] After tensor merging: 1 layers
[05/04/2024-11:18:37] [V] [TRT] After slice removal: 1 layers
[05/04/2024-11:18:37] [V] [TRT] After concat removal: 1 layers
[05/04/2024-11:18:37] [V] [TRT] Trying to split Reshape and strided tensor
[05/04/2024-11:18:37] [V] [TRT] Graph construction and optimization completed in 0.0410387 seconds.
[05/04/2024-11:18:37] [V] [TRT] Trying to load shared library libcublas.so.11
[05/04/2024-11:18:37] [V] [TRT] Loaded shared library libcublas.so.11
[05/04/2024-11:18:45] [V] [TRT] Using cublas as plugin tactic source
[05/04/2024-11:18:45] [V] [TRT] Trying to load shared library libcublasLt.so.11
[05/04/2024-11:18:45] [V] [TRT] Loaded shared library libcublasLt.so.11
[05/04/2024-11:18:45] [V] [TRT] Using cublasLt as core library tactic source
[05/04/2024-11:18:45] [I] [TRT] [MemUsageChange] Init cuBLAS/cuBLASLt: CPU +1225, GPU +340, now: CPU 2434, GPU 1672 (MiB)
[05/04/2024-11:18:45] [V] [TRT] Trying to load shared library libcudnn.so.8
[05/04/2024-11:18:45] [V] [TRT] Loaded shared library libcudnn.so.8
[05/04/2024-11:18:45] [V] [TRT] Using cuDNN as plugin tactic source
[05/04/2024-11:18:46] [V] [TRT] Using cuDNN as core library tactic source
[05/04/2024-11:18:46] [I] [TRT] [MemUsageChange] Init cuDNN: CPU +234, GPU +50, now: CPU 2668, GPU 1722 (MiB)
[05/04/2024-11:18:46] [I] [TRT] Local timing cache in use. Profiling results in this builder pass will not be stored.
[05/04/2024-11:18:46] [V] [TRT] Constructing optimization profile number 0 [1/1].
[05/04/2024-11:18:46] [V] [TRT] Reserving memory for host IO tensors. Host: 0 bytes
[05/04/2024-11:18:46] [V] [TRT] =============== Computing reformatting costs: 
[05/04/2024-11:18:46] [V] [TRT] *************** Autotuning Reformat: Float(10240000,40000,200,1) -> Float(10240000,40000,200,1) ***************
[05/04/2024-11:18:46] [V] [TRT] --------------- Timing Runner: Optimizer Reformat(<in> -> 94) (Reformat)
[05/04/2024-11:18:46] [V] [TRT] Tactic: 0x00000000000003e8 Time: 9.00667
[05/04/2024-11:18:46] [V] [TRT] Tactic: 0x00000000000003ea Time: 9.00506
[05/04/2024-11:18:46] [V] [TRT] Tactic: 0x0000000000000000 Time: 9.4761
[05/04/2024-11:18:46] [V] [TRT] Fastest Tactic: 0x00000000000003ea Time: 9.00506
[05/04/2024-11:18:46] [V] [TRT] =============== Computing costs for 
[05/04/2024-11:18:46] [V] [TRT] *************** Autotuning format combination:  -> Float(10240000,40000,200,1) ***************
[05/04/2024-11:18:46] [V] [TRT] Adding reformat layer: Reformatted Output Tensor 0 to 94 (94) from Float(10240000,40000,200,1) to Float(10240000,40000,200,1)
[05/04/2024-11:18:46] [V] [TRT] Formats and tactics selection completed in 0.308396 seconds.
[05/04/2024-11:18:46] [V] [TRT] After reformat layers: 2 layers
[05/04/2024-11:18:46] [V] [TRT] Total number of blocks in pre-optimized block assignment: 1
[05/04/2024-11:18:46] [I] [TRT] Total Activation Memory: 8585216000
[05/04/2024-11:18:46] [I] [TRT] Detected 1 inputs and 1 output network tensors.
[05/04/2024-11:18:46] [V] [TRT] Skipped printing memory information for 2 layers with 0 memory size i.e. Host Persistent + Device Persistent + Scratch Memory == 0.
[05/04/2024-11:18:46] [I] [TRT] Total Host Persistent Memory: 0
[05/04/2024-11:18:46] [I] [TRT] Total Device Persistent Memory: 0
[05/04/2024-11:18:46] [I] [TRT] Total Scratch Memory: 0
[05/04/2024-11:18:46] [I] [TRT] [MemUsageStats] Peak memory usage of TRT CPU/GPU memory allocators: CPU 0 MiB, GPU 128 MiB
[05/04/2024-11:18:46] [V] [TRT] Total number of blocks in optimized block assignment: 0
[05/04/2024-11:18:46] [I] [TRT] Total Activation Memory: 0
[05/04/2024-11:18:46] [V] [TRT] Total number of generated kernels selected for the engine: 0
[05/04/2024-11:18:46] [V] [TRT] Disabling unused tactic source: CUDNN
[05/04/2024-11:18:46] [V] [TRT] Disabling unused tactic source: CUBLAS, CUBLAS_LT
[05/04/2024-11:18:46] [V] [TRT] Disabling unused tactic source: EDGE_MASK_CONVOLUTIONS
[05/04/2024-11:18:46] [V] [TRT] Disabling unused tactic source: JIT_CONVOLUTIONS
[05/04/2024-11:18:46] [V] [TRT] Engine generation completed in 9.10625 seconds.
[05/04/2024-11:18:46] [V] [TRT] Deleting timing cache: 1 entries, served 0 hits since creation.
[05/04/2024-11:18:46] [V] [TRT] Engine Layer Information:
Layer(Constant): 94, Tactic: 0x0000000000000000,  -> Reformatted Output Tensor 0 to 94 (Float[1,256,200,200])
Layer(Reformat): Reformatting CopyNode for Output Tensor 0 to 94, Tactic: 0x00000000000003ea, Reformatted Output Tensor 0 to 94 (Float[1,256,200,200]) -> 94 (Float[1,256,200,200])
[05/04/2024-11:18:46] [I] [TRT] [MemUsageChange] TensorRT-managed allocation in building engine: CPU +0, GPU +64, now: CPU 0, GPU 64 (MiB)
[05/04/2024-11:18:46] [I] Engine built in 20.3112 sec.
[05/04/2024-11:18:46] [I] [TRT] Loaded engine size: 39 MiB
[05/04/2024-11:18:46] [V] [TRT] Deserialization required 11668 microseconds.
[05/04/2024-11:18:46] [I] [TRT] [MemUsageChange] TensorRT-managed allocation in engine deserialization: CPU +0, GPU +39, now: CPU 0, GPU 39 (MiB)
[05/04/2024-11:18:46] [I] Engine deserialized in 0.0117717 sec.
[05/04/2024-11:18:46] [V] [TRT] Total per-runner device persistent memory is 0
[05/04/2024-11:18:46] [V] [TRT] Total per-runner host persistent memory is 0
[05/04/2024-11:18:46] [V] [TRT] Allocated activation device memory of size 0
[05/04/2024-11:18:46] [I] [TRT] [MemUsageChange] TensorRT-managed allocation in IExecutionContext creation: CPU +0, GPU +0, now: CPU 0, GPU 39 (MiB)
[05/04/2024-11:18:46] [I] Setting persistentCacheLimit to 0 bytes.
[05/04/2024-11:18:46] [V] Using enqueueV3.
[05/04/2024-11:18:46] [I] Using random values for input input
[05/04/2024-11:18:46] [I] Created input binding for input with dimensions 1x200x200
[05/04/2024-11:18:46] [I] Using random values for output 94
[05/04/2024-11:18:46] [I] Created output binding for 94 with dimensions 1x256x200x200
[05/04/2024-11:18:46] [I] Layer Information:
[05/04/2024-11:18:46] [I] [TRT] The profiling verbosity was set to ProfilingVerbosity::kLAYER_NAMES_ONLY when the engine was built, so only the layer names will be returned. Rebuild the engine with ProfilingVerbosity::kDETAILED to get more verbose layer information.
[05/04/2024-11:18:46] [I] Layers:
94
Reformatting CopyNode for Output Tensor 0 to 94

Bindings:
input
94
[05/04/2024-11:18:46] [I] Starting inference
[05/04/2024-11:18:50] [I] The e2e network timing is not reported since it is inaccurate due to the extra synchronizations when the profiler is enabled.
[05/04/2024-11:18:50] [I] To show e2e network timing report, add --separateProfileRun to profile layer timing in a separate run or remove --dumpProfile to disable the profiler.
[05/04/2024-11:18:50] [I] 
[05/04/2024-11:18:50] [I] === Profile (890 iterations ) ===
[05/04/2024-11:18:50] [I]                                            Layer   Time (ms)   Avg. Time (ms)   Median Time (ms)   Time %
[05/04/2024-11:18:50] [I]  Reformatting CopyNode for Output Tensor 0 to 94      324.56           0.3647             0.3645    100.0
[05/04/2024-11:18:50] [I]                                            Total      324.56           0.3647             0.3645    100.0
[05/04/2024-11:18:50] [I] 
&&&& PASSED TensorRT.trtexec [TensorRT v8510] # trtexec --verbose --onnx=./folded_model2.onnx --dumpLayerInfo --dumpProfile
